2025-08-10 00:04:53,446 - INFO - Starting stock data update...
2025-08-10 00:04:53,461 - INFO - Fetching data for AAPL...
2025-08-10 00:04:54,041 - INFO - Updated AAPL: $229.35
2025-08-10 00:05:06,053 - INFO - Fetching data for GOOGL...
2025-08-10 00:05:06,468 - INFO - Updated GOOGL: $201.42
2025-08-10 00:05:18,472 - INFO - Fetching data for MSFT...
2025-08-10 00:05:18,913 - INFO - Updated MSFT: $522.04
2025-08-10 00:05:30,917 - INFO - Fetching data for AMZN...
2025-08-10 00:05:31,628 - INFO - Updated AMZN: $222.69
2025-08-10 00:05:43,634 - INFO - Fetching data for TSLA...
2025-08-10 00:05:44,074 - INFO - Updated TSLA: $329.65
2025-08-10 00:05:56,079 - INFO - Fetching data for META...
2025-08-10 00:05:56,606 - INFO - Updated META: $769.30
2025-08-10 00:06:08,614 - INFO - Fetching data for NVDA...
2025-08-10 00:06:09,062 - INFO - Updated NVDA: $182.70
2025-08-10 00:06:21,072 - INFO - Fetching data for NFLX...
2025-08-10 00:06:21,660 - INFO - Updated NFLX: $1211.64
2025-08-10 00:06:33,662 - INFO - Fetching data for ADBE...
2025-08-10 00:06:34,258 - INFO - Updated ADBE: $341.05
2025-08-10 00:06:46,287 - INFO - Fetching data for CRM...
2025-08-10 00:06:47,993 - INFO - Updated CRM: $240.51
2025-08-10 00:06:59,995 - INFO - Stock update completed. Updated 10/10 stocks
2025-08-10 00:06:59,995 - INFO - Database connection closed
2025-08-10 00:12:04,007 - INFO - Starting stock data update...
2025-08-10 00:12:04,017 - INFO - Fetching data for AAPL...
2025-08-10 00:12:04,985 - INFO - Updated AAPL: $229.35
2025-08-10 00:12:08,591 - INFO - Starting stock data update...
2025-08-10 00:12:08,599 - INFO - Fetching data for AAPL...
2025-08-10 00:12:09,170 - INFO - Updated AAPL: $229.35
2025-08-10 00:12:16,992 - INFO - Fetching data for GOOGL...
2025-08-10 00:12:17,498 - INFO - Updated GOOGL: $201.42
2025-08-10 00:12:29,509 - INFO - Fetching data for MSFT...
2025-08-10 00:12:30,636 - INFO - Updated MSFT: $522.04
2025-08-10 00:12:42,640 - INFO - Fetching data for AMZN...
2025-08-10 00:12:43,474 - INFO - Updated AMZN: $222.69
2025-08-10 00:12:55,480 - INFO - Fetching data for TSLA...
2025-08-10 00:12:55,932 - INFO - Updated TSLA: $329.65
2025-08-10 00:13:07,939 - INFO - Fetching data for META...
2025-08-10 00:13:08,368 - INFO - Updated META: $769.30
2025-08-10 00:13:20,377 - INFO - Fetching data for NVDA...
2025-08-10 00:13:20,810 - INFO - Updated NVDA: $182.70
2025-08-10 00:13:32,818 - INFO - Fetching data for NFLX...
2025-08-10 00:13:33,321 - INFO - Updated NFLX: $1211.64
2025-08-10 00:13:45,324 - INFO - Fetching data for ADBE...
2025-08-10 00:13:45,766 - INFO - Updated ADBE: $341.05
2025-08-10 00:13:57,767 - INFO - Fetching data for CRM...
2025-08-10 00:13:58,195 - INFO - Updated CRM: $240.51
2025-08-10 00:14:10,206 - INFO - Stock update completed. Updated 10/10 stocks
2025-08-10 00:14:10,206 - INFO - Database connection closed
